{"message":"data and hash must be strings","level":"error"}
{"message":"data and hash must be strings","level":"error"}
{"message":"data and hash must be strings","level":"error"}
{"message":"data and hash arguments required","level":"error"}
{"message":"data and hash arguments required","level":"error"}
{"message":"data and hash arguments required","level":"error"}
{"message":"data and hash arguments required","level":"error"}
{"message":"data and hash arguments required","level":"error"}
{"message":"data and hash arguments required","level":"error"}
{"message":"data and hash arguments required","level":"error"}
{"message":"data and hash arguments required","level":"error"}
{"message":"data and hash arguments required","level":"error"}
{"message":"data must be a string and salt must either be a salt string or a number of rounds","level":"error"}
{"message":"data and hash arguments required","level":"error"}
{"message":"data must be a string and salt must either be a salt string or a number of rounds","level":"error"}
{"message":"data must be a string and salt must either be a salt string or a number of rounds","level":"error"}
{"message":"data and hash arguments required","level":"error"}
{"message":"data and hash arguments required","level":"error"}
{"message":"data and salt arguments required","level":"error"}
{"message":"data and salt arguments required","level":"error"}
{"message":"data and hash arguments required","level":"error"}
{"message":"data and salt arguments required","level":"error"}
{"message":"data and salt arguments required","level":"error"}
{"message":"data and hash arguments required","level":"error"}
{"message":"data and salt arguments required","level":"error"}
{"message":"data and hash arguments required","level":"error"}
{"message":"data and salt arguments required","level":"error"}
{"message":"data and salt arguments required","level":"error"}
{"level":"error","message":"data and hash arguments required"}
{"message":"data and salt arguments required","level":"error"}
{"level":"error","message":"data and hash arguments required"}
{"level":"error","message":"data and hash arguments required"}
{"level":"error","message":"data and hash arguments required"}
{"level":"error","message":"data and hash arguments required"}
{"level":"error","message":"data and hash arguments required"}
{"level":"error","message":"data and hash arguments required"}
{"level":"error","message":"data and hash must be strings"}
{"level":"error","message":"data and hash must be strings"}
{"level":"error","message":"data and hash must be strings"}
{"level":"error","message":"data and hash must be strings"}
{"level":"error","message":"data and hash must be strings"}
{"level":"error","message":"data and hash must be strings"}
{"level":"error","message":"data and hash must be strings"}
{"level":"error","message":"data and hash arguments required"}
